2023-05-16 16:57:15,575 :INFO : test_Cases :Entering username rahul
2023-05-16 16:57:15,706 :INFO : test_Cases :Entering password rahulshettyacademy
2023-05-16 16:57:16,078 :INFO : test_Cases :clicking submit button
2023-05-16 16:57:17,654 :INFO : test_Cases :Entering username neha
2023-05-16 16:57:17,654 :INFO : test_Cases :Entering username neha
2023-05-16 16:57:17,750 :INFO : test_Cases :Entering password rahulsshettyacademy
2023-05-16 16:57:17,750 :INFO : test_Cases :Entering password rahulsshettyacademy
2023-05-16 16:57:18,093 :INFO : test_Cases :clicking submit button
2023-05-16 16:57:18,093 :INFO : test_Cases :clicking submit button
2023-05-17 18:04:57,813 :INFO : test_Cases :Entering username Admin
2023-05-17 18:04:57,987 :INFO : test_Cases :Entering password admin123
2023-05-17 18:04:58,250 :INFO : test_Cases :clicking submit button
2023-05-17 18:05:03,022 :INFO : test_Cases :Entering username admin1
2023-05-17 18:05:03,022 :INFO : test_Cases :Entering username admin1
2023-05-17 18:05:03,515 :INFO : test_Cases :Entering password admin123
2023-05-17 18:05:03,515 :INFO : test_Cases :Entering password admin123
2023-05-17 18:05:03,653 :INFO : test_Cases :clicking submit button
2023-05-17 18:05:03,653 :INFO : test_Cases :clicking submit button
2023-05-17 18:05:09,706 :INFO : test_Cases :Entering username ADMIN2
2023-05-17 18:05:09,706 :INFO : test_Cases :Entering username ADMIN2
2023-05-17 18:05:09,706 :INFO : test_Cases :Entering username ADMIN2
2023-05-17 18:05:09,799 :INFO : test_Cases :Entering password admin123
2023-05-17 18:05:09,799 :INFO : test_Cases :Entering password admin123
2023-05-17 18:05:09,799 :INFO : test_Cases :Entering password admin123
2023-05-17 18:05:09,937 :INFO : test_Cases :clicking submit button
2023-05-17 18:05:09,937 :INFO : test_Cases :clicking submit button
2023-05-17 18:05:09,937 :INFO : test_Cases :clicking submit button
2023-05-17 18:05:16,064 :INFO : test_Cases :Entering username aDMIN3
2023-05-17 18:05:16,064 :INFO : test_Cases :Entering username aDMIN3
2023-05-17 18:05:16,064 :INFO : test_Cases :Entering username aDMIN3
2023-05-17 18:05:16,064 :INFO : test_Cases :Entering username aDMIN3
2023-05-17 18:05:16,307 :INFO : test_Cases :Entering password admin123
2023-05-17 18:05:16,307 :INFO : test_Cases :Entering password admin123
2023-05-17 18:05:16,307 :INFO : test_Cases :Entering password admin123
2023-05-17 18:05:16,307 :INFO : test_Cases :Entering password admin123
2023-05-17 18:05:16,571 :INFO : test_Cases :clicking submit button
2023-05-17 18:05:16,571 :INFO : test_Cases :clicking submit button
2023-05-17 18:05:16,571 :INFO : test_Cases :clicking submit button
2023-05-17 18:05:16,571 :INFO : test_Cases :clicking submit button
